Build started 7/14/2016 4:47:21 PM.
     1>Project "C:\Users\Alexs\Desktop\GitHub\TestProject\Tests\Tests\Tests.vcxproj" on node 2 (build target(s)).
     1>InitializeBuildStatus:
         Creating "Debug\Tests.unsuccessfulbuild" because "AlwaysCreate" was specified.
       ClCompile:
         c:\Program Files (x86)\Microsoft Visual Studio 10.0\VC\bin\CL.exe /c /Ic:\alexs\dev10\srv_services\moblowlvl\include /Ic:\alexs\dev10\pkcs\include /ZI /nologo /W3 /WX- /Od /Oy- /D WIN32 /D _DEBUG /D _CONSOLE /D _UNICODE /D UNICODE /Gm /EHsc /RTC1 /MDd /GS /fp:precise /Zc:wchar_t /Zc:forScope /Yc"StdAfx.h" /Fp"Debug\Tests.pch" /Fo"Debug\\" /Fd"Debug\vc100.pdb" /Gd /TP /analyze- /errorReport:prompt stdafx.cpp
         stdafx.cpp
         c:\Program Files (x86)\Microsoft Visual Studio 10.0\VC\bin\CL.exe /c /Ic:\alexs\dev10\srv_services\moblowlvl\include /Ic:\alexs\dev10\pkcs\include /ZI /nologo /W3 /WX- /Od /Oy- /D WIN32 /D _DEBUG /D _CONSOLE /D _UNICODE /D UNICODE /Gm /EHsc /RTC1 /MDd /GS /fp:precise /Zc:wchar_t /Zc:forScope /Yu"StdAfx.h" /Fp"Debug\Tests.pch" /Fo"Debug\\" /Fd"Debug\vc100.pdb" /Gd /TP /analyze- /errorReport:prompt asn1funcs.cpp Tests.cpp
         Tests.cpp
     1>c:\users\alexs\desktop\github\testproject\tests\tests\tests.cpp(87): warning C4244: '=' : conversion from 'unsigned long' to 'UINT16', possible loss of data
     1>c:\users\alexs\desktop\github\testproject\tests\tests\tests.cpp(220): error C3861: 'reverseBytes': identifier not found
         asn1funcs.cpp
         Generating Code...
     1>Done Building Project "C:\Users\Alexs\Desktop\GitHub\TestProject\Tests\Tests\Tests.vcxproj" (build target(s)) -- FAILED.

Build FAILED.

Time Elapsed 00:00:01.48
