Build started 7/14/2016 4:47:26 PM.
     1>Project "C:\Users\Alexs\Desktop\GitHub\TestProject\Tests\Tests\Tests.vcxproj" on node 2 (build target(s)).
     1>InitializeBuildStatus:
         Creating "Release\Tests.unsuccessfulbuild" because "AlwaysCreate" was specified.
       ClCompile:
         c:\Program Files (x86)\Microsoft Visual Studio 10.0\VC\bin\CL.exe /c /Zi /nologo /W3 /WX- /O2 /Oi /Oy- /GL /D WIN32 /D NDEBUG /D _CONSOLE /D _UNICODE /D UNICODE /Gm- /EHsc /MD /GS /Gy /fp:precise /Zc:wchar_t /Zc:forScope /Yc"StdAfx.h" /Fp"Release\Tests.pch" /Fo"Release\\" /Fd"Release\vc100.pdb" /Gd /TP /analyze- /errorReport:prompt stdafx.cpp
         stdafx.cpp
         c:\Program Files (x86)\Microsoft Visual Studio 10.0\VC\bin\CL.exe /c /Zi /nologo /W3 /WX- /O2 /Oi /Oy- /GL /D WIN32 /D NDEBUG /D _CONSOLE /D _UNICODE /D UNICODE /Gm- /EHsc /MD /GS /Gy /fp:precise /Zc:wchar_t /Zc:forScope /Yu"StdAfx.h" /Fp"Release\Tests.pch" /Fo"Release\\" /Fd"Release\vc100.pdb" /Gd /TP /analyze- /errorReport:prompt asn1funcs.cpp Tests.cpp
         asn1funcs.cpp
     1>asn1funcs.cpp(5): fatal error C1083: Cannot open include file: 'asn1def.h': No such file or directory
         Tests.cpp
     1>Tests.cpp(87): warning C4244: '=' : conversion from 'unsigned long' to 'UINT16', possible loss of data
     1>Tests.cpp(220): error C3861: 'reverseBytes': identifier not found
     1>Done Building Project "C:\Users\Alexs\Desktop\GitHub\TestProject\Tests\Tests\Tests.vcxproj" (build target(s)) -- FAILED.

Build FAILED.

Time Elapsed 00:00:00.73
